<?xml version="1.0" encoding="UTF-8"?>
<testsuites name="Mocha Tests" time="0.07" tests="1" failures="0">
  <testsuite name="Root Suite" timestamp="2017-09-26T11:49:49" tests="0" failures="0" time="0">
  </testsuite>
  <testsuite name="SAMPLE unit test" timestamp="2017-09-26T11:49:49" tests="1" file="/Users/aurelien/Coding/DTY/akkaxedf/backend/test/first-test.js" failures="0" time="0.07">
    <testcase name="SAMPLE unit test should return home page" time="0.07" classname="should return home page">
    </testcase>
  </testsuite>
</testsuites>
